#! /c/iverilog/bin/vvp
:ivl_version "12.0 (devel)" "(s20150603-965-g55e06db6)";
:ivl_delay_selection "TYPICAL";
:vpi_time_precision + 0;
:vpi_module "C:\iverilog\lib\ivl\system.vpi";
:vpi_module "C:\iverilog\lib\ivl\vhdl_sys.vpi";
:vpi_module "C:\iverilog\lib\ivl\vhdl_textio.vpi";
:vpi_module "C:\iverilog\lib\ivl\v2005_math.vpi";
:vpi_module "C:\iverilog\lib\ivl\va_math.vpi";
S_00000000011a8710 .scope module, "tb" "tb" 2 2;
 .timescale 0 0;
v0000000001223500_0 .var "clk", 0 0;
S_00000000011a88a0 .scope module, "uut" "instruction_fetch" 2 4, 3 5 0, S_00000000011a8710;
 .timescale 0 0;
    .port_info 0 /INPUT 1 "clk";
v00000000011c2e50_0 .var "Decode_Execute", 2 0;
v00000000011c2a90_0 .var "addressa1", 7 0;
v00000000011c2ef0_0 .var "addressa2", 4 0;
v0000000001222380_0 .var "addressb2", 4 0;
v0000000001222600_0 .net "clk", 0 0, v0000000001223500_0;  1 drivers
v0000000001223140_0 .var "curr_s", 2 0;
v00000000012221a0_0 .var "datain1", 31 0;
v0000000001223aa0_0 .var "datain2", 31 0;
v0000000001222880_0 .net "dataout1", 31 0, v00000000011c2950_0;  1 drivers
v00000000012226a0_0 .net "dataout2", 31 0, v00000000011c2b30_0;  1 drivers
v0000000001223e60_0 .var "fetch_state", 2 0;
v0000000001222ba0_0 .var "inp1", 31 0;
v00000000012229c0_0 .var "inp2", 31 0;
v0000000001222f60_0 .var "instruction", 31 0;
v0000000001223780_0 .var "opc", 4 0;
v0000000001223000_0 .net "out", 31 0, v00000000011c2d10_0;  1 drivers
v0000000001223be0_0 .var "pc", 7 0;
v0000000001222ce0 .array "registers", 0 31, 31 0;
v0000000001223640_0 .var "reset2", 0 0;
v0000000001223460_0 .var "reset_state", 2 0;
v0000000001222560_0 .var "writeEnable1", 0 0;
v0000000001223b40_0 .var "writeEnable2", 0 0;
E_00000000011bbb50 .event posedge, v00000000011c23b0_0;
S_00000000011a8a30 .scope module, "ALU" "alu" 3 25, 4 1 0, S_00000000011a88a0;
 .timescale 0 0;
    .port_info 0 /INPUT 32 "inp1";
    .port_info 1 /INPUT 32 "inp2";
    .port_info 2 /INPUT 5 "opc";
    .port_info 3 /OUTPUT 32 "out";
v00000000011c2bd0_0 .net "inp1", 31 0, v0000000001222ba0_0;  1 drivers
v00000000011c2c70_0 .net "inp2", 31 0, v00000000012229c0_0;  1 drivers
v00000000011c26d0_0 .net "opc", 4 0, v0000000001223780_0;  1 drivers
v00000000011c2d10_0 .var "out", 31 0;
E_00000000011bbb90 .event edge, v00000000011c26d0_0, v00000000011c2c70_0, v00000000011c2bd0_0;
S_0000000001159350 .scope module, "DataMemory" "veda" 3 24, 5 1 0, S_00000000011a88a0;
 .timescale 0 0;
    .port_info 0 /INPUT 1 "clk";
    .port_info 1 /INPUT 1 "reset";
    .port_info 2 /INPUT 1 "writeEnable";
    .port_info 3 /INPUT 5 "addressa";
    .port_info 4 /INPUT 32 "datain";
    .port_info 5 /OUTPUT 32 "dataout";
    .port_info 6 /INPUT 5 "addressb";
P_00000000011bbed0 .param/l "W" 0 5 4, +C4<00000000000000000000000000000101>;
v00000000011c2130_0 .net "addressa", 4 0, v00000000011c2ef0_0;  1 drivers
v00000000011c2770_0 .net "addressb", 4 0, v0000000001222380_0;  1 drivers
v00000000011c23b0_0 .net "clk", 0 0, v0000000001223500_0;  alias, 1 drivers
v00000000011c2db0_0 .net "datain", 31 0, v0000000001223aa0_0;  1 drivers
v00000000011c2b30_0 .var "dataout", 31 0;
v00000000011c2090_0 .var/i "i", 31 0;
v00000000011c2810 .array "memory", 0 31, 31 0;
v00000000011c24f0_0 .net "reset", 0 0, v0000000001223640_0;  1 drivers
v00000000011c21d0_0 .net "writeEnable", 0 0, v0000000001223b40_0;  1 drivers
E_00000000011bbf50/0 .event edge, v00000000011c2770_0;
E_00000000011bbf50/1 .event posedge, v00000000011c23b0_0;
E_00000000011bbf50 .event/or E_00000000011bbf50/0, E_00000000011bbf50/1;
E_00000000011bc0d0/0 .event edge, v00000000011c2db0_0, v00000000011c2130_0;
E_00000000011bc0d0/1 .event posedge, v00000000011c23b0_0;
E_00000000011bc0d0 .event/or E_00000000011bc0d0/0, E_00000000011bc0d0/1;
S_00000000011594e0 .scope module, "InstructionMemory" "veda" 3 23, 5 1 0, S_00000000011a88a0;
 .timescale 0 0;
    .port_info 0 /INPUT 1 "clk";
    .port_info 1 /INPUT 1 "reset";
    .port_info 2 /INPUT 1 "writeEnable";
    .port_info 3 /INPUT 8 "addressa";
    .port_info 4 /INPUT 32 "datain";
    .port_info 5 /OUTPUT 32 "dataout";
    .port_info 6 /INPUT 8 "addressb";
P_00000000011bbf10 .param/l "W" 0 5 4, +C4<00000000000000000000000000001000>;
v00000000011c2f90_0 .net "addressa", 7 0, v00000000011c2a90_0;  1 drivers
v00000000011c2450_0 .net "addressb", 7 0, v0000000001223be0_0;  1 drivers
v00000000011c2270_0 .net "clk", 0 0, v0000000001223500_0;  alias, 1 drivers
v00000000011c28b0_0 .net "datain", 31 0, v00000000012221a0_0;  1 drivers
v00000000011c2950_0 .var "dataout", 31 0;
v00000000011c2630_0 .var/i "i", 31 0;
v00000000011c29f0 .array "memory", 0 31, 255 0;
L_0000000001224028 .functor BUFT 1, C4<0>, C4<0>, C4<0>, C4<0>;
v00000000011c2310_0 .net "reset", 0 0, L_0000000001224028;  1 drivers
v00000000011c2590_0 .net "writeEnable", 0 0, v0000000001222560_0;  1 drivers
E_00000000011bc2d0/0 .event edge, v00000000011c2450_0;
E_00000000011bc2d0/1 .event posedge, v00000000011c23b0_0;
E_00000000011bc2d0 .event/or E_00000000011bc2d0/0, E_00000000011bc2d0/1;
E_00000000011bc090/0 .event edge, v00000000011c28b0_0, v00000000011c2f90_0;
E_00000000011bc090/1 .event posedge, v00000000011c23b0_0;
E_00000000011bc090 .event/or E_00000000011bc090/0, E_00000000011bc090/1;
    .scope S_00000000011594e0;
T_0 ;
    %wait E_00000000011bc090;
    %load/vec4 v00000000011c2310_0;
    %pad/u 32;
    %cmpi/e 1, 0, 32;
    %jmp/0xz  T_0.0, 4;
    %pushi/vec4 0, 0, 32;
    %store/vec4 v00000000011c2630_0, 0, 32;
T_0.2 ;
    %load/vec4 v00000000011c2630_0;
    %cmpi/s 256, 0, 32;
    %jmp/0xz T_0.3, 5;
    %pushi/vec4 0, 0, 256;
    %ix/getv/s 4, v00000000011c2630_0;
    %store/vec4a v00000000011c29f0, 4, 0;
    %load/vec4 v00000000011c2630_0;
    %addi 1, 0, 32;
    %store/vec4 v00000000011c2630_0, 0, 32;
    %jmp T_0.2;
T_0.3 ;
    %jmp T_0.1;
T_0.0 ;
    %load/vec4 v00000000011c2590_0;
    %pad/u 32;
    %cmpi/e 1, 0, 32;
    %jmp/0xz  T_0.4, 4;
    %pushi/vec4 0, 0, 32;
    %store/vec4 v00000000011c2630_0, 0, 32;
T_0.6 ;
    %load/vec4 v00000000011c2630_0;
    %cmpi/s 256, 0, 32;
    %jmp/0xz T_0.7, 5;
    %ix/getv/s 4, v00000000011c2630_0;
    %load/vec4a v00000000011c29f0, 4;
    %ix/getv/s 4, v00000000011c2630_0;
    %store/vec4a v00000000011c29f0, 4, 0;
    %load/vec4 v00000000011c2630_0;
    %addi 1, 0, 32;
    %store/vec4 v00000000011c2630_0, 0, 32;
    %jmp T_0.6;
T_0.7 ;
    %load/vec4 v00000000011c28b0_0;
    %pad/u 256;
    %ix/getv 4, v00000000011c2f90_0;
    %store/vec4a v00000000011c29f0, 4, 0;
    %jmp T_0.5;
T_0.4 ;
    %pushi/vec4 0, 0, 32;
    %store/vec4 v00000000011c2630_0, 0, 32;
T_0.8 ;
    %load/vec4 v00000000011c2630_0;
    %cmpi/s 256, 0, 32;
    %jmp/0xz T_0.9, 5;
    %ix/getv/s 4, v00000000011c2630_0;
    %load/vec4a v00000000011c29f0, 4;
    %ix/getv/s 4, v00000000011c2630_0;
    %store/vec4a v00000000011c29f0, 4, 0;
    %load/vec4 v00000000011c2630_0;
    %addi 1, 0, 32;
    %store/vec4 v00000000011c2630_0, 0, 32;
    %jmp T_0.8;
T_0.9 ;
T_0.5 ;
T_0.1 ;
    %jmp T_0;
    .thread T_0;
    .scope S_00000000011594e0;
T_1 ;
    %wait E_00000000011bc2d0;
    %ix/getv 4, v00000000011c2450_0;
    %load/vec4a v00000000011c29f0, 4;
    %pad/u 32;
    %store/vec4 v00000000011c2950_0, 0, 32;
    %jmp T_1;
    .thread T_1;
    .scope S_0000000001159350;
T_2 ;
    %wait E_00000000011bc0d0;
    %load/vec4 v00000000011c24f0_0;
    %pad/u 32;
    %cmpi/e 1, 0, 32;
    %jmp/0xz  T_2.0, 4;
    %pushi/vec4 0, 0, 32;
    %store/vec4 v00000000011c2090_0, 0, 32;
T_2.2 ;
    %load/vec4 v00000000011c2090_0;
    %cmpi/s 32, 0, 32;
    %jmp/0xz T_2.3, 5;
    %pushi/vec4 0, 0, 32;
    %ix/getv/s 4, v00000000011c2090_0;
    %store/vec4a v00000000011c2810, 4, 0;
    %load/vec4 v00000000011c2090_0;
    %addi 1, 0, 32;
    %store/vec4 v00000000011c2090_0, 0, 32;
    %jmp T_2.2;
T_2.3 ;
    %jmp T_2.1;
T_2.0 ;
    %load/vec4 v00000000011c21d0_0;
    %pad/u 32;
    %cmpi/e 1, 0, 32;
    %jmp/0xz  T_2.4, 4;
    %pushi/vec4 0, 0, 32;
    %store/vec4 v00000000011c2090_0, 0, 32;
T_2.6 ;
    %load/vec4 v00000000011c2090_0;
    %cmpi/s 32, 0, 32;
    %jmp/0xz T_2.7, 5;
    %ix/getv/s 4, v00000000011c2090_0;
    %load/vec4a v00000000011c2810, 4;
    %ix/getv/s 4, v00000000011c2090_0;
    %store/vec4a v00000000011c2810, 4, 0;
    %load/vec4 v00000000011c2090_0;
    %addi 1, 0, 32;
    %store/vec4 v00000000011c2090_0, 0, 32;
    %jmp T_2.6;
T_2.7 ;
    %load/vec4 v00000000011c2db0_0;
    %load/vec4 v00000000011c2130_0;
    %pad/u 7;
    %ix/vec4 4;
    %store/vec4a v00000000011c2810, 4, 0;
    %jmp T_2.5;
T_2.4 ;
    %pushi/vec4 0, 0, 32;
    %store/vec4 v00000000011c2090_0, 0, 32;
T_2.8 ;
    %load/vec4 v00000000011c2090_0;
    %cmpi/s 32, 0, 32;
    %jmp/0xz T_2.9, 5;
    %ix/getv/s 4, v00000000011c2090_0;
    %load/vec4a v00000000011c2810, 4;
    %ix/getv/s 4, v00000000011c2090_0;
    %store/vec4a v00000000011c2810, 4, 0;
    %load/vec4 v00000000011c2090_0;
    %addi 1, 0, 32;
    %store/vec4 v00000000011c2090_0, 0, 32;
    %jmp T_2.8;
T_2.9 ;
T_2.5 ;
T_2.1 ;
    %jmp T_2;
    .thread T_2;
    .scope S_0000000001159350;
T_3 ;
    %wait E_00000000011bbf50;
    %load/vec4 v00000000011c2770_0;
    %pad/u 7;
    %ix/vec4 4;
    %load/vec4a v00000000011c2810, 4;
    %store/vec4 v00000000011c2b30_0, 0, 32;
    %jmp T_3;
    .thread T_3;
    .scope S_00000000011a8a30;
T_4 ;
    %wait E_00000000011bbb90;
    %load/vec4 v00000000011c26d0_0;
    %dup/vec4;
    %pushi/vec4 0, 0, 5;
    %cmp/u;
    %jmp/1 T_4.0, 6;
    %dup/vec4;
    %pushi/vec4 1, 0, 5;
    %cmp/u;
    %jmp/1 T_4.1, 6;
    %dup/vec4;
    %pushi/vec4 2, 0, 5;
    %cmp/u;
    %jmp/1 T_4.2, 6;
    %dup/vec4;
    %pushi/vec4 3, 0, 5;
    %cmp/u;
    %jmp/1 T_4.3, 6;
    %dup/vec4;
    %pushi/vec4 4, 0, 5;
    %cmp/u;
    %jmp/1 T_4.4, 6;
    %dup/vec4;
    %pushi/vec4 5, 0, 5;
    %cmp/u;
    %jmp/1 T_4.5, 6;
    %dup/vec4;
    %pushi/vec4 6, 0, 5;
    %cmp/u;
    %jmp/1 T_4.6, 6;
    %dup/vec4;
    %pushi/vec4 7, 0, 5;
    %cmp/u;
    %jmp/1 T_4.7, 6;
    %dup/vec4;
    %pushi/vec4 8, 0, 5;
    %cmp/u;
    %jmp/1 T_4.8, 6;
    %dup/vec4;
    %pushi/vec4 9, 0, 5;
    %cmp/u;
    %jmp/1 T_4.9, 6;
    %dup/vec4;
    %pushi/vec4 10, 0, 5;
    %cmp/u;
    %jmp/1 T_4.10, 6;
    %dup/vec4;
    %pushi/vec4 11, 0, 5;
    %cmp/u;
    %jmp/1 T_4.11, 6;
    %dup/vec4;
    %pushi/vec4 12, 0, 5;
    %cmp/u;
    %jmp/1 T_4.12, 6;
    %dup/vec4;
    %pushi/vec4 13, 0, 5;
    %cmp/u;
    %jmp/1 T_4.13, 6;
    %jmp T_4.14;
T_4.0 ;
    %load/vec4 v00000000011c2bd0_0;
    %load/vec4 v00000000011c2c70_0;
    %add;
    %store/vec4 v00000000011c2d10_0, 0, 32;
    %jmp T_4.14;
T_4.1 ;
    %load/vec4 v00000000011c2bd0_0;
    %load/vec4 v00000000011c2c70_0;
    %sub;
    %store/vec4 v00000000011c2d10_0, 0, 32;
    %jmp T_4.14;
T_4.2 ;
    %load/vec4 v00000000011c2bd0_0;
    %load/vec4 v00000000011c2c70_0;
    %add;
    %store/vec4 v00000000011c2d10_0, 0, 32;
    %jmp T_4.14;
T_4.3 ;
    %load/vec4 v00000000011c2bd0_0;
    %load/vec4 v00000000011c2c70_0;
    %sub;
    %store/vec4 v00000000011c2d10_0, 0, 32;
    %jmp T_4.14;
T_4.4 ;
    %load/vec4 v00000000011c2bd0_0;
    %load/vec4 v00000000011c2c70_0;
    %and;
    %store/vec4 v00000000011c2d10_0, 0, 32;
    %jmp T_4.14;
T_4.5 ;
    %load/vec4 v00000000011c2bd0_0;
    %load/vec4 v00000000011c2c70_0;
    %or;
    %store/vec4 v00000000011c2d10_0, 0, 32;
    %jmp T_4.14;
T_4.6 ;
    %load/vec4 v00000000011c2bd0_0;
    %pushi/vec4 2, 0, 32;
    %load/vec4 v00000000011c2c70_0;
    %pow;
    %mul;
    %store/vec4 v00000000011c2d10_0, 0, 32;
    %jmp T_4.14;
T_4.7 ;
    %load/vec4 v00000000011c2bd0_0;
    %pushi/vec4 2, 0, 32;
    %load/vec4 v00000000011c2c70_0;
    %pow;
    %div;
    %store/vec4 v00000000011c2d10_0, 0, 32;
    %jmp T_4.14;
T_4.8 ;
    %jmp T_4.14;
T_4.9 ;
    %load/vec4 v00000000011c2bd0_0;
    %load/vec4 v00000000011c2c70_0;
    %cmp/u;
    %jmp/0xz  T_4.15, 5;
    %pushi/vec4 1, 0, 32;
    %store/vec4 v00000000011c2d10_0, 0, 32;
    %jmp T_4.16;
T_4.15 ;
    %pushi/vec4 0, 0, 32;
    %store/vec4 v00000000011c2d10_0, 0, 32;
T_4.16 ;
    %jmp T_4.14;
T_4.10 ;
    %load/vec4 v00000000011c2bd0_0;
    %load/vec4 v00000000011c2c70_0;
    %add;
    %store/vec4 v00000000011c2d10_0, 0, 32;
    %jmp T_4.14;
T_4.11 ;
    %load/vec4 v00000000011c2bd0_0;
    %load/vec4 v00000000011c2c70_0;
    %add;
    %store/vec4 v00000000011c2d10_0, 0, 32;
    %jmp T_4.14;
T_4.12 ;
    %load/vec4 v00000000011c2bd0_0;
    %load/vec4 v00000000011c2c70_0;
    %and;
    %store/vec4 v00000000011c2d10_0, 0, 32;
    %jmp T_4.14;
T_4.13 ;
    %load/vec4 v00000000011c2bd0_0;
    %load/vec4 v00000000011c2c70_0;
    %cmp/u;
    %jmp/0xz  T_4.17, 5;
    %pushi/vec4 1, 0, 32;
    %store/vec4 v00000000011c2d10_0, 0, 32;
    %jmp T_4.18;
T_4.17 ;
    %pushi/vec4 0, 0, 32;
    %store/vec4 v00000000011c2d10_0, 0, 32;
T_4.18 ;
    %jmp T_4.14;
T_4.14 ;
    %pop/vec4 1;
    %jmp T_4;
    .thread T_4, $push;
    .scope S_00000000011a88a0;
T_5 ;
    %pushi/vec4 0, 0, 3;
    %store/vec4 v0000000001223460_0, 0, 3;
    %pushi/vec4 1, 0, 3;
    %store/vec4 v0000000001223e60_0, 0, 3;
    %pushi/vec4 2, 0, 3;
    %store/vec4 v00000000011c2e50_0, 0, 3;
    %pushi/vec4 0, 0, 3;
    %store/vec4 v0000000001223140_0, 0, 3;
    %end;
    .thread T_5;
    .scope S_00000000011a88a0;
T_6 ;
    %pushi/vec4 0, 0, 8;
    %store/vec4 v0000000001223be0_0, 0, 8;
    %pushi/vec4 1, 0, 1;
    %store/vec4 v0000000001223b40_0, 0, 1;
    %delay 1, 0;
    %pushi/vec4 0, 0, 5;
    %store/vec4 v00000000011c2ef0_0, 0, 5;
    %pushi/vec4 5, 0, 32;
    %store/vec4 v0000000001223aa0_0, 0, 32;
    %delay 1, 0;
    %pushi/vec4 0, 0, 5;
    %store/vec4 v0000000001222380_0, 0, 5;
    %delay 1, 0;
    %pushi/vec4 4, 0, 5;
    %store/vec4 v00000000011c2ef0_0, 0, 5;
    %pushi/vec4 4, 0, 32;
    %store/vec4 v0000000001223aa0_0, 0, 32;
    %delay 1, 0;
    %pushi/vec4 8, 0, 5;
    %store/vec4 v00000000011c2ef0_0, 0, 5;
    %pushi/vec4 2, 0, 32;
    %store/vec4 v0000000001223aa0_0, 0, 32;
    %delay 1, 0;
    %pushi/vec4 12, 0, 5;
    %store/vec4 v00000000011c2ef0_0, 0, 5;
    %pushi/vec4 1, 0, 32;
    %store/vec4 v0000000001223aa0_0, 0, 32;
    %delay 1, 0;
    %pushi/vec4 16, 0, 5;
    %store/vec4 v00000000011c2ef0_0, 0, 5;
    %pushi/vec4 3, 0, 32;
    %store/vec4 v0000000001223aa0_0, 0, 32;
    %delay 1, 0;
    %pushi/vec4 20, 0, 5;
    %store/vec4 v00000000011c2ef0_0, 0, 5;
    %pushi/vec4 5, 0, 32;
    %store/vec4 v0000000001223aa0_0, 0, 32;
    %delay 1, 0;
    %pushi/vec4 5, 0, 32;
    %ix/load 4, 10, 0;
    %flag_set/imm 4, 0;
    %store/vec4a v0000000001222ce0, 4, 0;
    %pushi/vec4 0, 0, 32;
    %ix/load 4, 2, 0;
    %flag_set/imm 4, 0;
    %store/vec4a v0000000001222ce0, 4, 0;
    %pushi/vec4 0, 0, 32;
    %ix/load 4, 0, 0;
    %flag_set/imm 4, 0;
    %store/vec4a v0000000001222ce0, 4, 0;
    %pushi/vec4 1, 0, 1;
    %store/vec4 v0000000001222560_0, 0, 1;
    %delay 1, 0;
    %pushi/vec4 1, 0, 8;
    %store/vec4 v00000000011c2a90_0, 0, 8;
    %pushi/vec4 39845920, 0, 32;
    %store/vec4 v00000000012221a0_0, 0, 32;
    %delay 1, 0;
    %pushi/vec4 4294967295, 0, 32;
    %ix/load 4, 11, 0;
    %flag_set/imm 4, 0;
    %store/vec4a v0000000001222ce0, 4, 0;
    %pushi/vec4 1, 0, 32;
    %ix/load 4, 3, 0;
    %flag_set/imm 4, 0;
    %store/vec4a v0000000001222ce0, 4, 0;
    %pushi/vec4 2, 0, 8;
    %store/vec4 v00000000011c2a90_0, 0, 8;
    %pushi/vec4 25827362, 0, 32;
    %store/vec4 v00000000012221a0_0, 0, 32;
    %delay 1, 0;
    %pushi/vec4 3, 0, 8;
    %store/vec4 v00000000011c2a90_0, 0, 8;
    %pushi/vec4 134217732, 0, 32;
    %store/vec4 v00000000012221a0_0, 0, 32;
    %delay 1, 0;
    %pushi/vec4 4, 0, 8;
    %store/vec4 v00000000011c2a90_0, 0, 8;
    %pushi/vec4 560660481, 0, 32;
    %store/vec4 v00000000012221a0_0, 0, 32;
    %delay 1, 0;
    %pushi/vec4 5, 0, 8;
    %store/vec4 v00000000011c2a90_0, 0, 8;
    %pushi/vec4 292290595, 0, 32;
    %store/vec4 v00000000012221a0_0, 0, 32;
    %delay 1, 0;
    %pushi/vec4 6, 0, 8;
    %store/vec4 v00000000011c2a90_0, 0, 8;
    %pushi/vec4 28071970, 0, 32;
    %store/vec4 v00000000012221a0_0, 0, 32;
    %delay 1, 0;
    %pushi/vec4 7, 0, 8;
    %store/vec4 v00000000011c2a90_0, 0, 8;
    %pushi/vec4 29360160, 0, 32;
    %store/vec4 v00000000012221a0_0, 0, 32;
    %delay 1, 0;
    %pushi/vec4 8, 0, 8;
    %store/vec4 v00000000011c2a90_0, 0, 8;
    %pushi/vec4 134217737, 0, 32;
    %store/vec4 v00000000012221a0_0, 0, 32;
    %delay 1, 0;
    %pushi/vec4 9, 0, 8;
    %store/vec4 v00000000011c2a90_0, 0, 8;
    %pushi/vec4 298647555, 0, 32;
    %store/vec4 v00000000012221a0_0, 0, 32;
    %delay 1, 0;
    %pushi/vec4 10, 0, 8;
    %store/vec4 v00000000011c2a90_0, 0, 8;
    %pushi/vec4 32374912, 0, 32;
    %store/vec4 v00000000012221a0_0, 0, 32;
    %delay 1, 0;
    %pushi/vec4 11, 0, 8;
    %store/vec4 v00000000011c2a90_0, 0, 8;
    %pushi/vec4 571408388, 0, 32;
    %store/vec4 v00000000012221a0_0, 0, 32;
    %delay 1, 0;
    %pushi/vec4 12, 0, 8;
    %store/vec4 v00000000011c2a90_0, 0, 8;
    %pushi/vec4 32444448, 0, 32;
    %store/vec4 v00000000012221a0_0, 0, 32;
    %delay 1, 0;
    %pushi/vec4 13, 0, 8;
    %store/vec4 v00000000011c2a90_0, 0, 8;
    %pushi/vec4 34607136, 0, 32;
    %store/vec4 v00000000012221a0_0, 0, 32;
    %delay 1, 0;
    %pushi/vec4 14, 0, 8;
    %store/vec4 v00000000011c2a90_0, 0, 8;
    %pushi/vec4 2385444864, 0, 32;
    %store/vec4 v00000000012221a0_0, 0, 32;
    %delay 1, 0;
    %pushi/vec4 15, 0, 8;
    %store/vec4 v00000000011c2a90_0, 0, 8;
    %pushi/vec4 2387607552, 0, 32;
    %store/vec4 v00000000012221a0_0, 0, 32;
    %delay 1, 0;
    %pushi/vec4 16, 0, 8;
    %store/vec4 v00000000011c2a90_0, 0, 8;
    %pushi/vec4 1580335123, 0, 32;
    %store/vec4 v00000000012221a0_0, 0, 32;
    %delay 1, 0;
    %pushi/vec4 17, 0, 8;
    %store/vec4 v00000000011c2a90_0, 0, 8;
    %pushi/vec4 567148545, 0, 32;
    %store/vec4 v00000000012221a0_0, 0, 32;
    %delay 1, 0;
    %pushi/vec4 18, 0, 8;
    %store/vec4 v00000000011c2a90_0, 0, 8;
    %pushi/vec4 134217737, 0, 32;
    %store/vec4 v00000000012221a0_0, 0, 32;
    %delay 1, 0;
    %pushi/vec4 19, 0, 8;
    %store/vec4 v00000000011c2a90_0, 0, 8;
    %pushi/vec4 2790195200, 0, 32;
    %store/vec4 v00000000012221a0_0, 0, 32;
    %delay 1, 0;
    %pushi/vec4 20, 0, 8;
    %store/vec4 v00000000011c2a90_0, 0, 8;
    %pushi/vec4 2788163584, 0, 32;
    %store/vec4 v00000000012221a0_0, 0, 32;
    %delay 1, 0;
    %pushi/vec4 567148545, 0, 32;
    %store/vec4 v00000000012221a0_0, 0, 32;
    %delay 1, 0;
    %pushi/vec4 21, 0, 8;
    %store/vec4 v00000000011c2a90_0, 0, 8;
    %pushi/vec4 134217737, 0, 32;
    %store/vec4 v00000000012221a0_0, 0, 32;
    %delay 4945, 0;
    %pushi/vec4 0, 0, 5;
    %store/vec4 v00000000011c2ef0_0, 0, 5;
    %pushi/vec4 1, 0, 32;
    %store/vec4 v0000000001223aa0_0, 0, 32;
    %delay 1, 0;
    %pushi/vec4 4, 0, 5;
    %store/vec4 v00000000011c2ef0_0, 0, 5;
    %pushi/vec4 2, 0, 32;
    %store/vec4 v0000000001223aa0_0, 0, 32;
    %delay 1, 0;
    %pushi/vec4 8, 0, 5;
    %store/vec4 v00000000011c2ef0_0, 0, 5;
    %pushi/vec4 3, 0, 32;
    %store/vec4 v0000000001223aa0_0, 0, 32;
    %delay 1, 0;
    %pushi/vec4 12, 0, 5;
    %store/vec4 v00000000011c2ef0_0, 0, 5;
    %pushi/vec4 4, 0, 32;
    %store/vec4 v0000000001223aa0_0, 0, 32;
    %delay 1, 0;
    %pushi/vec4 16, 0, 5;
    %store/vec4 v00000000011c2ef0_0, 0, 5;
    %pushi/vec4 5, 0, 32;
    %store/vec4 v0000000001223aa0_0, 0, 32;
    %delay 1, 0;
    %pushi/vec4 20, 0, 8;
    %store/vec4 v00000000011c2a90_0, 0, 8;
    %pushi/vec4 19, 0, 8;
    %store/vec4 v00000000011c2a90_0, 0, 8;
    %pushi/vec4 2790195200, 0, 32;
    %store/vec4 v00000000012221a0_0, 0, 32;
    %delay 1, 0;
    %pushi/vec4 20, 0, 8;
    %store/vec4 v00000000011c2a90_0, 0, 8;
    %pushi/vec4 2788163584, 0, 32;
    %store/vec4 v00000000012221a0_0, 0, 32;
    %delay 1, 0;
    %pushi/vec4 567148545, 0, 32;
    %store/vec4 v00000000012221a0_0, 0, 32;
    %delay 1, 0;
    %pushi/vec4 21, 0, 8;
    %store/vec4 v00000000011c2a90_0, 0, 8;
    %pushi/vec4 134217737, 0, 32;
    %store/vec4 v00000000012221a0_0, 0, 32;
    %vpi_call 3 139 "$display", "EXIT2" {0 0 0};
    %pushi/vec4 0, 0, 5;
    %store/vec4 v0000000001222380_0, 0, 5;
    %delay 1, 0;
    %vpi_call 3 141 "$display", v00000000012226a0_0 {0 0 0};
    %pushi/vec4 4, 0, 5;
    %store/vec4 v0000000001222380_0, 0, 5;
    %delay 1, 0;
    %vpi_call 3 143 "$display", v00000000012226a0_0 {0 0 0};
    %pushi/vec4 8, 0, 5;
    %store/vec4 v0000000001222380_0, 0, 5;
    %delay 1, 0;
    %vpi_call 3 145 "$display", v00000000012226a0_0 {0 0 0};
    %pushi/vec4 12, 0, 5;
    %store/vec4 v0000000001222380_0, 0, 5;
    %delay 1, 0;
    %vpi_call 3 147 "$display", v00000000012226a0_0 {0 0 0};
    %pushi/vec4 16, 0, 5;
    %store/vec4 v0000000001222380_0, 0, 5;
    %delay 1, 0;
    %vpi_call 3 149 "$display", v00000000012226a0_0 {0 0 0};
    %end;
    .thread T_6;
    .scope S_00000000011a88a0;
T_7 ;
    %wait E_00000000011bbb50;
    %load/vec4 v0000000001223140_0;
    %dup/vec4;
    %pushi/vec4 0, 0, 3;
    %cmp/u;
    %jmp/1 T_7.0, 6;
    %dup/vec4;
    %pushi/vec4 1, 0, 3;
    %cmp/u;
    %jmp/1 T_7.1, 6;
    %dup/vec4;
    %pushi/vec4 2, 0, 3;
    %cmp/u;
    %jmp/1 T_7.2, 6;
    %jmp T_7.3;
T_7.0 ;
    %pushi/vec4 0, 0, 8;
    %store/vec4 v0000000001223be0_0, 0, 8;
    %pushi/vec4 1, 0, 3;
    %store/vec4 v0000000001223140_0, 0, 3;
    %jmp T_7.3;
T_7.1 ;
    %load/vec4 v0000000001222880_0;
    %store/vec4 v0000000001222f60_0, 0, 32;
    %load/vec4 v0000000001223be0_0;
    %pad/u 32;
    %cmpi/u 30, 0, 32;
    %flag_inv 5; GE is !LT
    %jmp/0xz  T_7.4, 5;
    %pushi/vec4 0, 0, 5;
    %store/vec4 v0000000001222380_0, 0, 5;
    %delay 1, 0;
    %pushi/vec4 4, 0, 5;
    %store/vec4 v0000000001222380_0, 0, 5;
    %delay 1, 0;
    %pushi/vec4 8, 0, 5;
    %store/vec4 v0000000001222380_0, 0, 5;
    %delay 1, 0;
    %pushi/vec4 12, 0, 5;
    %store/vec4 v0000000001222380_0, 0, 5;
    %delay 1, 0;
    %pushi/vec4 16, 0, 5;
    %store/vec4 v0000000001222380_0, 0, 5;
T_7.4 ;
    %load/vec4 v0000000001223be0_0;
    %addi 1, 0, 8;
    %store/vec4 v0000000001223be0_0, 0, 8;
    %pushi/vec4 2, 0, 3;
    %store/vec4 v0000000001223140_0, 0, 3;
    %jmp T_7.3;
T_7.2 ;
    %load/vec4 v0000000001222f60_0;
    %parti/s 6, 26, 6;
    %dup/vec4;
    %pushi/vec4 0, 0, 6;
    %cmp/u;
    %jmp/1 T_7.6, 6;
    %dup/vec4;
    %pushi/vec4 8, 0, 6;
    %cmp/u;
    %jmp/1 T_7.7, 6;
    %dup/vec4;
    %pushi/vec4 9, 0, 6;
    %cmp/u;
    %jmp/1 T_7.8, 6;
    %dup/vec4;
    %pushi/vec4 12, 0, 6;
    %cmp/u;
    %jmp/1 T_7.9, 6;
    %dup/vec4;
    %pushi/vec4 13, 0, 6;
    %cmp/u;
    %jmp/1 T_7.10, 6;
    %dup/vec4;
    %pushi/vec4 10, 0, 6;
    %cmp/u;
    %jmp/1 T_7.11, 6;
    %dup/vec4;
    %pushi/vec4 35, 0, 6;
    %cmp/u;
    %jmp/1 T_7.12, 6;
    %dup/vec4;
    %pushi/vec4 41, 0, 6;
    %cmp/u;
    %jmp/1 T_7.13, 6;
    %dup/vec4;
    %pushi/vec4 4, 0, 6;
    %cmp/u;
    %jmp/1 T_7.14, 6;
    %dup/vec4;
    %pushi/vec4 5, 0, 6;
    %cmp/u;
    %jmp/1 T_7.15, 6;
    %dup/vec4;
    %pushi/vec4 23, 0, 6;
    %cmp/u;
    %jmp/1 T_7.16, 6;
    %dup/vec4;
    %pushi/vec4 29, 0, 6;
    %cmp/u;
    %jmp/1 T_7.17, 6;
    %dup/vec4;
    %pushi/vec4 41, 0, 6;
    %cmp/u;
    %jmp/1 T_7.18, 6;
    %dup/vec4;
    %pushi/vec4 43, 0, 6;
    %cmp/u;
    %jmp/1 T_7.19, 6;
    %dup/vec4;
    %pushi/vec4 2, 0, 6;
    %cmp/u;
    %jmp/1 T_7.20, 6;
    %jmp T_7.21;
T_7.6 ;
    %load/vec4 v0000000001222f60_0;
    %parti/s 6, 0, 2;
    %dup/vec4;
    %pushi/vec4 32, 0, 6;
    %cmp/u;
    %jmp/1 T_7.22, 6;
    %dup/vec4;
    %pushi/vec4 34, 0, 6;
    %cmp/u;
    %jmp/1 T_7.23, 6;
    %dup/vec4;
    %pushi/vec4 33, 0, 6;
    %cmp/u;
    %jmp/1 T_7.24, 6;
    %dup/vec4;
    %pushi/vec4 35, 0, 6;
    %cmp/u;
    %jmp/1 T_7.25, 6;
    %dup/vec4;
    %pushi/vec4 36, 0, 6;
    %cmp/u;
    %jmp/1 T_7.26, 6;
    %dup/vec4;
    %pushi/vec4 37, 0, 6;
    %cmp/u;
    %jmp/1 T_7.27, 6;
    %dup/vec4;
    %pushi/vec4 0, 0, 6;
    %cmp/u;
    %jmp/1 T_7.28, 6;
    %dup/vec4;
    %pushi/vec4 2, 0, 6;
    %cmp/u;
    %jmp/1 T_7.29, 6;
    %dup/vec4;
    %pushi/vec4 8, 0, 6;
    %cmp/u;
    %jmp/1 T_7.30, 6;
    %dup/vec4;
    %pushi/vec4 24, 0, 6;
    %cmp/u;
    %jmp/1 T_7.31, 6;
    %jmp T_7.32;
T_7.22 ;
    %pushi/vec4 0, 0, 5;
    %store/vec4 v0000000001223780_0, 0, 5;
    %load/vec4 v0000000001222f60_0;
    %parti/s 5, 16, 6;
    %pad/u 7;
    %ix/vec4 4;
    %load/vec4a v0000000001222ce0, 4;
    %store/vec4 v0000000001222ba0_0, 0, 32;
    %load/vec4 v0000000001222f60_0;
    %parti/s 5, 11, 5;
    %pad/u 7;
    %ix/vec4 4;
    %load/vec4a v0000000001222ce0, 4;
    %store/vec4 v00000000012229c0_0, 0, 32;
    %load/vec4 v0000000001223000_0;
    %load/vec4 v0000000001222f60_0;
    %parti/s 5, 21, 6;
    %pad/u 7;
    %ix/vec4 4;
    %store/vec4a v0000000001222ce0, 4, 0;
    %jmp T_7.32;
T_7.23 ;
    %pushi/vec4 1, 0, 5;
    %store/vec4 v0000000001223780_0, 0, 5;
    %load/vec4 v0000000001222f60_0;
    %parti/s 5, 16, 6;
    %pad/u 7;
    %ix/vec4 4;
    %load/vec4a v0000000001222ce0, 4;
    %store/vec4 v0000000001222ba0_0, 0, 32;
    %load/vec4 v0000000001222f60_0;
    %parti/s 5, 11, 5;
    %pad/u 7;
    %ix/vec4 4;
    %load/vec4a v0000000001222ce0, 4;
    %store/vec4 v00000000012229c0_0, 0, 32;
    %delay 1, 0;
    %load/vec4 v0000000001223000_0;
    %load/vec4 v0000000001222f60_0;
    %parti/s 5, 21, 6;
    %pad/u 7;
    %ix/vec4 4;
    %store/vec4a v0000000001222ce0, 4, 0;
    %jmp T_7.32;
T_7.24 ;
    %pushi/vec4 2, 0, 5;
    %store/vec4 v0000000001223780_0, 0, 5;
    %load/vec4 v0000000001222f60_0;
    %parti/s 5, 16, 6;
    %pad/u 7;
    %ix/vec4 4;
    %load/vec4a v0000000001222ce0, 4;
    %pad/u 5;
    %store/vec4 v0000000001222380_0, 0, 5;
    %delay 1, 0;
    %load/vec4 v00000000012226a0_0;
    %store/vec4 v0000000001222ba0_0, 0, 32;
    %load/vec4 v0000000001222f60_0;
    %parti/s 5, 11, 5;
    %pad/u 7;
    %ix/vec4 4;
    %load/vec4a v0000000001222ce0, 4;
    %pad/u 5;
    %store/vec4 v0000000001222380_0, 0, 5;
    %delay 1, 0;
    %load/vec4 v00000000012226a0_0;
    %store/vec4 v00000000012229c0_0, 0, 32;
    %load/vec4 v0000000001222f60_0;
    %parti/s 5, 21, 6;
    %pad/u 7;
    %ix/vec4 4;
    %load/vec4a v0000000001222ce0, 4;
    %pad/u 5;
    %store/vec4 v00000000011c2ef0_0, 0, 5;
    %load/vec4 v0000000001223000_0;
    %store/vec4 v0000000001223aa0_0, 0, 32;
    %load/vec4 v0000000001222f60_0;
    %parti/s 5, 21, 6;
    %pad/u 7;
    %ix/vec4 4;
    %load/vec4a v0000000001222ce0, 4;
    %pad/u 5;
    %store/vec4 v00000000011c2ef0_0, 0, 5;
    %load/vec4 v0000000001223000_0;
    %store/vec4 v0000000001223aa0_0, 0, 32;
    %delay 1, 0;
    %load/vec4 v0000000001223000_0;
    %store/vec4 v0000000001223aa0_0, 0, 32;
    %jmp T_7.32;
T_7.25 ;
    %pushi/vec4 3, 0, 5;
    %store/vec4 v0000000001223780_0, 0, 5;
    %load/vec4 v0000000001222f60_0;
    %parti/s 5, 16, 6;
    %pad/u 7;
    %ix/vec4 4;
    %load/vec4a v0000000001222ce0, 4;
    %pad/u 5;
    %store/vec4 v0000000001222380_0, 0, 5;
    %delay 1, 0;
    %load/vec4 v00000000012226a0_0;
    %store/vec4 v0000000001222ba0_0, 0, 32;
    %load/vec4 v0000000001222f60_0;
    %parti/s 5, 11, 5;
    %pad/u 7;
    %ix/vec4 4;
    %load/vec4a v0000000001222ce0, 4;
    %pad/u 5;
    %store/vec4 v0000000001222380_0, 0, 5;
    %delay 1, 0;
    %load/vec4 v00000000012226a0_0;
    %store/vec4 v00000000012229c0_0, 0, 32;
    %load/vec4 v0000000001222f60_0;
    %parti/s 5, 21, 6;
    %pad/u 7;
    %ix/vec4 4;
    %load/vec4a v0000000001222ce0, 4;
    %pad/u 5;
    %store/vec4 v00000000011c2ef0_0, 0, 5;
    %load/vec4 v0000000001223000_0;
    %store/vec4 v0000000001223aa0_0, 0, 32;
    %delay 1, 0;
    %load/vec4 v0000000001223000_0;
    %store/vec4 v0000000001223aa0_0, 0, 32;
    %jmp T_7.32;
T_7.26 ;
    %pushi/vec4 4, 0, 5;
    %store/vec4 v0000000001223780_0, 0, 5;
    %load/vec4 v0000000001222f60_0;
    %parti/s 5, 16, 6;
    %pad/u 7;
    %ix/vec4 4;
    %load/vec4a v0000000001222ce0, 4;
    %pad/u 5;
    %store/vec4 v0000000001222380_0, 0, 5;
    %delay 1, 0;
    %load/vec4 v00000000012226a0_0;
    %store/vec4 v0000000001222ba0_0, 0, 32;
    %load/vec4 v0000000001222f60_0;
    %parti/s 5, 11, 5;
    %pad/u 7;
    %ix/vec4 4;
    %load/vec4a v0000000001222ce0, 4;
    %pad/u 5;
    %store/vec4 v0000000001222380_0, 0, 5;
    %delay 1, 0;
    %load/vec4 v00000000012226a0_0;
    %store/vec4 v00000000012229c0_0, 0, 32;
    %load/vec4 v0000000001222f60_0;
    %parti/s 5, 21, 6;
    %pad/u 7;
    %ix/vec4 4;
    %load/vec4a v0000000001222ce0, 4;
    %pad/u 5;
    %store/vec4 v00000000011c2ef0_0, 0, 5;
    %load/vec4 v0000000001223000_0;
    %store/vec4 v0000000001223aa0_0, 0, 32;
    %delay 1, 0;
    %load/vec4 v0000000001223000_0;
    %store/vec4 v0000000001223aa0_0, 0, 32;
    %jmp T_7.32;
T_7.27 ;
    %pushi/vec4 5, 0, 5;
    %store/vec4 v0000000001223780_0, 0, 5;
    %load/vec4 v0000000001222f60_0;
    %parti/s 5, 16, 6;
    %pad/u 7;
    %ix/vec4 4;
    %load/vec4a v0000000001222ce0, 4;
    %pad/u 5;
    %store/vec4 v0000000001222380_0, 0, 5;
    %delay 1, 0;
    %load/vec4 v00000000012226a0_0;
    %store/vec4 v0000000001222ba0_0, 0, 32;
    %load/vec4 v0000000001222f60_0;
    %parti/s 5, 11, 5;
    %pad/u 7;
    %ix/vec4 4;
    %load/vec4a v0000000001222ce0, 4;
    %pad/u 5;
    %store/vec4 v0000000001222380_0, 0, 5;
    %delay 1, 0;
    %load/vec4 v00000000012226a0_0;
    %store/vec4 v00000000012229c0_0, 0, 32;
    %load/vec4 v0000000001222f60_0;
    %parti/s 5, 21, 6;
    %pad/u 7;
    %ix/vec4 4;
    %load/vec4a v0000000001222ce0, 4;
    %pad/u 5;
    %store/vec4 v00000000011c2ef0_0, 0, 5;
    %load/vec4 v0000000001223000_0;
    %store/vec4 v0000000001223aa0_0, 0, 32;
    %delay 1, 0;
    %load/vec4 v0000000001223000_0;
    %store/vec4 v0000000001223aa0_0, 0, 32;
    %jmp T_7.32;
T_7.28 ;
    %pushi/vec4 6, 0, 5;
    %store/vec4 v0000000001223780_0, 0, 5;
    %load/vec4 v0000000001222f60_0;
    %parti/s 5, 16, 6;
    %pad/u 7;
    %ix/vec4 4;
    %load/vec4a v0000000001222ce0, 4;
    %store/vec4 v0000000001222ba0_0, 0, 32;
    %delay 1, 0;
    %load/vec4 v0000000001222f60_0;
    %parti/s 5, 6, 4;
    %pad/u 32;
    %store/vec4 v00000000012229c0_0, 0, 32;
    %load/vec4 v0000000001223000_0;
    %load/vec4 v0000000001222f60_0;
    %parti/s 5, 21, 6;
    %pad/u 7;
    %ix/vec4 4;
    %store/vec4a v0000000001222ce0, 4, 0;
    %jmp T_7.32;
T_7.29 ;
    %pushi/vec4 7, 0, 5;
    %store/vec4 v0000000001223780_0, 0, 5;
    %load/vec4 v0000000001222f60_0;
    %parti/s 5, 16, 6;
    %pad/u 7;
    %ix/vec4 4;
    %load/vec4a v0000000001222ce0, 4;
    %pad/u 5;
    %store/vec4 v0000000001222380_0, 0, 5;
    %delay 1, 0;
    %load/vec4 v00000000012226a0_0;
    %store/vec4 v0000000001222ba0_0, 0, 32;
    %load/vec4 v0000000001222f60_0;
    %parti/s 5, 6, 4;
    %pad/u 32;
    %store/vec4 v00000000012229c0_0, 0, 32;
    %load/vec4 v0000000001222f60_0;
    %parti/s 5, 21, 6;
    %pad/u 7;
    %ix/vec4 4;
    %load/vec4a v0000000001222ce0, 4;
    %pad/u 5;
    %store/vec4 v00000000011c2ef0_0, 0, 5;
    %load/vec4 v0000000001223000_0;
    %store/vec4 v0000000001223aa0_0, 0, 32;
    %delay 1, 0;
    %load/vec4 v0000000001223000_0;
    %store/vec4 v0000000001223aa0_0, 0, 32;
    %jmp T_7.32;
T_7.30 ;
    %pushi/vec4 8, 0, 5;
    %store/vec4 v0000000001223780_0, 0, 5;
    %load/vec4 v0000000001222f60_0;
    %parti/s 5, 21, 6;
    %pad/u 7;
    %ix/vec4 4;
    %load/vec4a v0000000001222ce0, 4;
    %pad/u 5;
    %store/vec4 v0000000001222380_0, 0, 5;
    %delay 1, 0;
    %load/vec4 v00000000012226a0_0;
    %store/vec4 v0000000001222ba0_0, 0, 32;
    %load/vec4 v0000000001223be0_0;
    %pad/u 32;
    %load/vec4 v0000000001222ba0_0;
    %add;
    %pad/u 8;
    %store/vec4 v0000000001223be0_0, 0, 8;
    %jmp T_7.32;
T_7.31 ;
    %pushi/vec4 9, 0, 5;
    %store/vec4 v0000000001223780_0, 0, 5;
    %load/vec4 v0000000001222f60_0;
    %parti/s 5, 16, 6;
    %pad/u 7;
    %ix/vec4 4;
    %load/vec4a v0000000001222ce0, 4;
    %pad/u 5;
    %store/vec4 v0000000001222380_0, 0, 5;
    %delay 1, 0;
    %load/vec4 v00000000012226a0_0;
    %store/vec4 v0000000001222ba0_0, 0, 32;
    %load/vec4 v0000000001222f60_0;
    %parti/s 5, 11, 5;
    %pad/u 7;
    %ix/vec4 4;
    %load/vec4a v0000000001222ce0, 4;
    %pad/u 5;
    %store/vec4 v0000000001222380_0, 0, 5;
    %delay 1, 0;
    %load/vec4 v00000000012226a0_0;
    %store/vec4 v00000000012229c0_0, 0, 32;
    %load/vec4 v0000000001222f60_0;
    %parti/s 5, 21, 6;
    %pad/u 7;
    %ix/vec4 4;
    %load/vec4a v0000000001222ce0, 4;
    %pad/u 5;
    %store/vec4 v00000000011c2ef0_0, 0, 5;
    %load/vec4 v0000000001223000_0;
    %store/vec4 v0000000001223aa0_0, 0, 32;
    %delay 1, 0;
    %load/vec4 v0000000001223000_0;
    %store/vec4 v0000000001223aa0_0, 0, 32;
    %jmp T_7.32;
T_7.32 ;
    %pop/vec4 1;
    %jmp T_7.21;
T_7.7 ;
    %pushi/vec4 10, 0, 5;
    %store/vec4 v0000000001223780_0, 0, 5;
    %load/vec4 v0000000001222f60_0;
    %parti/s 5, 16, 6;
    %pad/u 7;
    %ix/vec4 4;
    %load/vec4a v0000000001222ce0, 4;
    %store/vec4 v0000000001222ba0_0, 0, 32;
    %load/vec4 v0000000001222f60_0;
    %parti/s 16, 0, 2;
    %pad/u 32;
    %store/vec4 v00000000012229c0_0, 0, 32;
    %delay 1, 0;
    %load/vec4 v0000000001223000_0;
    %load/vec4 v0000000001222f60_0;
    %parti/s 5, 21, 6;
    %pad/u 7;
    %ix/vec4 4;
    %store/vec4a v0000000001222ce0, 4, 0;
    %jmp T_7.21;
T_7.8 ;
    %pushi/vec4 11, 0, 5;
    %store/vec4 v0000000001223780_0, 0, 5;
    %load/vec4 v0000000001222f60_0;
    %parti/s 5, 16, 6;
    %pad/u 7;
    %ix/vec4 4;
    %load/vec4a v0000000001222ce0, 4;
    %pad/u 5;
    %store/vec4 v0000000001222380_0, 0, 5;
    %delay 1, 0;
    %load/vec4 v00000000012226a0_0;
    %store/vec4 v0000000001222ba0_0, 0, 32;
    %load/vec4 v0000000001222f60_0;
    %parti/s 16, 0, 2;
    %pad/u 32;
    %store/vec4 v00000000012229c0_0, 0, 32;
    %delay 1, 0;
    %load/vec4 v0000000001222f60_0;
    %parti/s 5, 21, 6;
    %pad/u 7;
    %ix/vec4 4;
    %load/vec4a v0000000001222ce0, 4;
    %pad/u 5;
    %store/vec4 v00000000011c2ef0_0, 0, 5;
    %load/vec4 v0000000001223000_0;
    %store/vec4 v0000000001223aa0_0, 0, 32;
    %delay 1, 0;
    %load/vec4 v0000000001223000_0;
    %store/vec4 v0000000001223aa0_0, 0, 32;
    %jmp T_7.21;
T_7.9 ;
    %pushi/vec4 12, 0, 5;
    %store/vec4 v0000000001223780_0, 0, 5;
    %load/vec4 v0000000001222f60_0;
    %parti/s 5, 16, 6;
    %pad/u 7;
    %ix/vec4 4;
    %load/vec4a v0000000001222ce0, 4;
    %pad/u 5;
    %store/vec4 v0000000001222380_0, 0, 5;
    %delay 1, 0;
    %load/vec4 v00000000012226a0_0;
    %store/vec4 v0000000001222ba0_0, 0, 32;
    %load/vec4 v0000000001222f60_0;
    %parti/s 16, 0, 2;
    %pad/u 32;
    %store/vec4 v00000000012229c0_0, 0, 32;
    %delay 1, 0;
    %load/vec4 v0000000001222f60_0;
    %parti/s 5, 21, 6;
    %pad/u 7;
    %ix/vec4 4;
    %load/vec4a v0000000001222ce0, 4;
    %pad/u 5;
    %store/vec4 v00000000011c2ef0_0, 0, 5;
    %load/vec4 v0000000001223000_0;
    %store/vec4 v0000000001223aa0_0, 0, 32;
    %delay 1, 0;
    %load/vec4 v0000000001223000_0;
    %store/vec4 v0000000001223aa0_0, 0, 32;
    %jmp T_7.21;
T_7.10 ;
    %pushi/vec4 13, 0, 5;
    %store/vec4 v0000000001223780_0, 0, 5;
    %load/vec4 v0000000001222f60_0;
    %parti/s 5, 16, 6;
    %pad/u 7;
    %ix/vec4 4;
    %load/vec4a v0000000001222ce0, 4;
    %pad/u 5;
    %store/vec4 v0000000001222380_0, 0, 5;
    %delay 1, 0;
    %load/vec4 v00000000012226a0_0;
    %store/vec4 v0000000001222ba0_0, 0, 32;
    %load/vec4 v0000000001222f60_0;
    %parti/s 16, 0, 2;
    %pad/u 32;
    %store/vec4 v00000000012229c0_0, 0, 32;
    %delay 1, 0;
    %load/vec4 v0000000001222f60_0;
    %parti/s 5, 21, 6;
    %pad/u 7;
    %ix/vec4 4;
    %load/vec4a v0000000001222ce0, 4;
    %pad/u 5;
    %store/vec4 v00000000011c2ef0_0, 0, 5;
    %load/vec4 v0000000001223000_0;
    %store/vec4 v0000000001223aa0_0, 0, 32;
    %delay 1, 0;
    %load/vec4 v0000000001223000_0;
    %store/vec4 v0000000001223aa0_0, 0, 32;
    %jmp T_7.21;
T_7.11 ;
    %pushi/vec4 14, 0, 5;
    %store/vec4 v0000000001223780_0, 0, 5;
    %load/vec4 v0000000001222f60_0;
    %parti/s 5, 16, 6;
    %pad/u 7;
    %ix/vec4 4;
    %load/vec4a v0000000001222ce0, 4;
    %pad/u 5;
    %store/vec4 v0000000001222380_0, 0, 5;
    %delay 1, 0;
    %load/vec4 v00000000012226a0_0;
    %store/vec4 v0000000001222ba0_0, 0, 32;
    %load/vec4 v0000000001222f60_0;
    %parti/s 16, 0, 2;
    %pad/u 32;
    %store/vec4 v00000000012229c0_0, 0, 32;
    %delay 1, 0;
    %load/vec4 v0000000001222f60_0;
    %parti/s 5, 21, 6;
    %pad/u 7;
    %ix/vec4 4;
    %load/vec4a v0000000001222ce0, 4;
    %pad/u 5;
    %store/vec4 v00000000011c2ef0_0, 0, 5;
    %load/vec4 v0000000001223000_0;
    %store/vec4 v0000000001223aa0_0, 0, 32;
    %delay 1, 0;
    %load/vec4 v0000000001223000_0;
    %store/vec4 v0000000001223aa0_0, 0, 32;
    %jmp T_7.21;
T_7.12 ;
    %load/vec4 v0000000001222f60_0;
    %parti/s 5, 16, 6;
    %pad/u 7;
    %ix/vec4 4;
    %load/vec4a v0000000001222ce0, 4;
    %pad/u 5;
    %store/vec4 v0000000001222380_0, 0, 5;
    %delay 2, 0;
    %load/vec4 v00000000012226a0_0;
    %load/vec4 v0000000001222f60_0;
    %parti/s 5, 21, 6;
    %pad/u 7;
    %ix/vec4 4;
    %store/vec4a v0000000001222ce0, 4, 0;
    %jmp T_7.21;
T_7.13 ;
    %load/vec4 v0000000001222f60_0;
    %parti/s 5, 16, 6;
    %pad/u 7;
    %ix/vec4 4;
    %load/vec4a v0000000001222ce0, 4;
    %pad/u 5;
    %store/vec4 v00000000011c2ef0_0, 0, 5;
    %load/vec4 v0000000001222f60_0;
    %parti/s 5, 21, 6;
    %pad/u 7;
    %ix/vec4 4;
    %load/vec4a v0000000001222ce0, 4;
    %store/vec4 v0000000001223aa0_0, 0, 32;
    %delay 2, 0;
    %load/vec4 v0000000001222f60_0;
    %parti/s 5, 16, 6;
    %pad/u 7;
    %ix/vec4 4;
    %load/vec4a v0000000001222ce0, 4;
    %pad/u 5;
    %store/vec4 v0000000001222380_0, 0, 5;
    %jmp T_7.21;
T_7.14 ;
    %load/vec4 v0000000001222f60_0;
    %parti/s 5, 21, 6;
    %pad/u 7;
    %ix/vec4 4;
    %load/vec4a v0000000001222ce0, 4;
    %store/vec4 v0000000001222ba0_0, 0, 32;
    %delay 1, 0;
    %load/vec4 v0000000001222f60_0;
    %parti/s 5, 16, 6;
    %pad/u 7;
    %ix/vec4 4;
    %load/vec4a v0000000001222ce0, 4;
    %store/vec4 v00000000012229c0_0, 0, 32;
    %delay 1, 0;
    %load/vec4 v0000000001222ba0_0;
    %load/vec4 v00000000012229c0_0;
    %cmp/e;
    %jmp/0xz  T_7.33, 4;
    %load/vec4 v0000000001222f60_0;
    %parti/s 16, 0, 2;
    %pad/u 8;
    %store/vec4 v0000000001223be0_0, 0, 8;
    %jmp T_7.34;
T_7.33 ;
    %load/vec4 v0000000001223be0_0;
    %store/vec4 v0000000001223be0_0, 0, 8;
T_7.34 ;
    %jmp T_7.21;
T_7.15 ;
    %load/vec4 v0000000001222f60_0;
    %parti/s 5, 21, 6;
    %pad/u 7;
    %ix/vec4 4;
    %load/vec4a v0000000001222ce0, 4;
    %pad/u 5;
    %store/vec4 v0000000001222380_0, 0, 5;
    %delay 1, 0;
    %load/vec4 v00000000012226a0_0;
    %store/vec4 v0000000001222ba0_0, 0, 32;
    %load/vec4 v0000000001222f60_0;
    %parti/s 5, 16, 6;
    %pad/u 7;
    %ix/vec4 4;
    %load/vec4a v0000000001222ce0, 4;
    %pad/u 5;
    %store/vec4 v0000000001222380_0, 0, 5;
    %delay 1, 0;
    %load/vec4 v00000000012226a0_0;
    %store/vec4 v00000000012229c0_0, 0, 32;
    %load/vec4 v0000000001222ba0_0;
    %load/vec4 v00000000012229c0_0;
    %cmp/ne;
    %jmp/0xz  T_7.35, 4;
    %load/vec4 v0000000001222f60_0;
    %parti/s 16, 0, 2;
    %pad/u 8;
    %store/vec4 v0000000001223be0_0, 0, 8;
    %jmp T_7.36;
T_7.35 ;
    %load/vec4 v0000000001223be0_0;
    %store/vec4 v0000000001223be0_0, 0, 8;
T_7.36 ;
    %jmp T_7.21;
T_7.16 ;
    %load/vec4 v0000000001222f60_0;
    %parti/s 5, 21, 6;
    %pad/u 7;
    %ix/vec4 4;
    %load/vec4a v0000000001222ce0, 4;
    %store/vec4 v0000000001222ba0_0, 0, 32;
    %delay 1, 0;
    %load/vec4 v0000000001222f60_0;
    %parti/s 5, 16, 6;
    %pad/u 7;
    %ix/vec4 4;
    %load/vec4a v0000000001222ce0, 4;
    %store/vec4 v00000000012229c0_0, 0, 32;
    %delay 1, 0;
    %load/vec4 v00000000012229c0_0;
    %load/vec4 v0000000001222ba0_0;
    %cmp/u;
    %jmp/0xz  T_7.37, 5;
    %load/vec4 v0000000001222f60_0;
    %parti/s 16, 0, 2;
    %pad/u 8;
    %store/vec4 v0000000001223be0_0, 0, 8;
    %jmp T_7.38;
T_7.37 ;
    %load/vec4 v0000000001223be0_0;
    %store/vec4 v0000000001223be0_0, 0, 8;
T_7.38 ;
    %jmp T_7.21;
T_7.17 ;
    %load/vec4 v0000000001222f60_0;
    %parti/s 5, 21, 6;
    %pad/u 7;
    %ix/vec4 4;
    %load/vec4a v0000000001222ce0, 4;
    %pad/u 5;
    %store/vec4 v0000000001222380_0, 0, 5;
    %delay 1, 0;
    %load/vec4 v00000000012226a0_0;
    %store/vec4 v0000000001222ba0_0, 0, 32;
    %load/vec4 v0000000001222f60_0;
    %parti/s 5, 16, 6;
    %pad/u 7;
    %ix/vec4 4;
    %load/vec4a v0000000001222ce0, 4;
    %pad/u 5;
    %store/vec4 v0000000001222380_0, 0, 5;
    %delay 1, 0;
    %load/vec4 v00000000012226a0_0;
    %store/vec4 v00000000012229c0_0, 0, 32;
    %load/vec4 v00000000012229c0_0;
    %load/vec4 v0000000001222ba0_0;
    %cmp/u;
    %flag_or 5, 4;
    %jmp/0xz  T_7.39, 5;
    %load/vec4 v0000000001222f60_0;
    %parti/s 16, 0, 2;
    %pad/u 8;
    %store/vec4 v0000000001223be0_0, 0, 8;
    %jmp T_7.40;
T_7.39 ;
    %load/vec4 v0000000001223be0_0;
    %store/vec4 v0000000001223be0_0, 0, 8;
T_7.40 ;
    %jmp T_7.21;
T_7.18 ;
    %load/vec4 v0000000001222f60_0;
    %parti/s 5, 21, 6;
    %pad/u 7;
    %ix/vec4 4;
    %load/vec4a v0000000001222ce0, 4;
    %pad/u 5;
    %store/vec4 v0000000001222380_0, 0, 5;
    %delay 1, 0;
    %load/vec4 v00000000012226a0_0;
    %store/vec4 v0000000001222ba0_0, 0, 32;
    %load/vec4 v0000000001222f60_0;
    %parti/s 5, 16, 6;
    %pad/u 7;
    %ix/vec4 4;
    %load/vec4a v0000000001222ce0, 4;
    %pad/u 5;
    %store/vec4 v0000000001222380_0, 0, 5;
    %delay 1, 0;
    %load/vec4 v00000000012226a0_0;
    %store/vec4 v00000000012229c0_0, 0, 32;
    %load/vec4 v0000000001222ba0_0;
    %load/vec4 v00000000012229c0_0;
    %cmp/u;
    %jmp/0xz  T_7.41, 5;
    %load/vec4 v0000000001222f60_0;
    %parti/s 16, 0, 2;
    %pad/u 8;
    %store/vec4 v0000000001223be0_0, 0, 8;
    %jmp T_7.42;
T_7.41 ;
    %load/vec4 v0000000001223be0_0;
    %store/vec4 v0000000001223be0_0, 0, 8;
T_7.42 ;
    %jmp T_7.21;
T_7.19 ;
    %load/vec4 v0000000001222f60_0;
    %parti/s 5, 21, 6;
    %pad/u 7;
    %ix/vec4 4;
    %load/vec4a v0000000001222ce0, 4;
    %pad/u 5;
    %store/vec4 v0000000001222380_0, 0, 5;
    %delay 1, 0;
    %load/vec4 v00000000012226a0_0;
    %store/vec4 v0000000001222ba0_0, 0, 32;
    %load/vec4 v0000000001222f60_0;
    %parti/s 5, 16, 6;
    %pad/u 7;
    %ix/vec4 4;
    %load/vec4a v0000000001222ce0, 4;
    %pad/u 5;
    %store/vec4 v0000000001222380_0, 0, 5;
    %delay 1, 0;
    %load/vec4 v00000000012226a0_0;
    %store/vec4 v00000000012229c0_0, 0, 32;
    %load/vec4 v0000000001222ba0_0;
    %load/vec4 v00000000012229c0_0;
    %cmp/u;
    %flag_or 5, 4;
    %jmp/0xz  T_7.43, 5;
    %load/vec4 v0000000001222f60_0;
    %parti/s 16, 0, 2;
    %pad/u 8;
    %store/vec4 v0000000001223be0_0, 0, 8;
    %jmp T_7.44;
T_7.43 ;
    %load/vec4 v0000000001223be0_0;
    %store/vec4 v0000000001223be0_0, 0, 8;
T_7.44 ;
    %jmp T_7.21;
T_7.20 ;
    %load/vec4 v0000000001222f60_0;
    %parti/s 26, 0, 2;
    %pad/u 8;
    %store/vec4 v0000000001223be0_0, 0, 8;
    %jmp T_7.21;
T_7.21 ;
    %pop/vec4 1;
    %pushi/vec4 1, 0, 3;
    %store/vec4 v0000000001223140_0, 0, 3;
    %jmp T_7.3;
T_7.3 ;
    %pop/vec4 1;
    %jmp T_7;
    .thread T_7;
    .scope S_00000000011a8710;
T_8 ;
    %pushi/vec4 0, 0, 1;
    %store/vec4 v0000000001223500_0, 0, 1;
T_8.0 ;
    %delay 10, 0;
    %load/vec4 v0000000001223500_0;
    %inv;
    %store/vec4 v0000000001223500_0, 0, 1;
    %jmp T_8.0;
    %end;
    .thread T_8;
    .scope S_00000000011a8710;
T_9 ;
    %delay 5000, 0;
    %vpi_call 2 12 "$finish" {0 0 0};
    %end;
    .thread T_9;
# The file index is used to find the file name in the following table.
:file_names 6;
    "N/A";
    "<interactive>";
    "tb.v";
    "./control.v";
    "./alu.v";
    "./veda.v";
